\BOOKMARK [1][-]{section.1}{Introduction}{}% 1
\BOOKMARK [2][-]{subsection.1.1}{RTS problem families}{section.1}% 2
\BOOKMARK [2][-]{subsection.1.2}{StarCraft: Brood War}{section.1}% 3
\BOOKMARK [2][-]{subsection.1.3}{Goals and summary}{section.1}% 4
\BOOKMARK [1][-]{section.2}{GHOST: A General meta-Heuristic Optimization Solving Tool}{}% 5
\BOOKMARK [2][-]{subsection.2.1}{A brief introduction to CSP/ COP}{section.2}% 6
\BOOKMARK [2][-]{subsection.2.2}{GHOST architecture}{section.2}% 7
\BOOKMARK [1][-]{section.3}{Reactive control problem: The target selection}{}% 8
\BOOKMARK [2][-]{subsection.3.1}{Problem statement and model}{section.3}% 9
\BOOKMARK [2][-]{subsection.3.2}{GHOST implementation and results}{section.3}% 10
\BOOKMARK [2][-]{subsection.3.3}{Future works}{section.3}% 11
\BOOKMARK [1][-]{section.4}{Tactic problem: Wall-in}{}% 12
\BOOKMARK [2][-]{subsection.4.1}{Problem statement and model}{section.4}% 13
\BOOKMARK [2][-]{subsection.4.2}{GHOST implementation and results}{section.4}% 14
\BOOKMARK [2][-]{subsection.4.3}{Future works}{section.4}% 15
\BOOKMARK [1][-]{section.5}{Strategy problem: The build order}{}% 16
\BOOKMARK [2][-]{subsection.5.1}{Problem statement and model}{section.5}% 17
\BOOKMARK [2][-]{subsection.5.2}{GHOST implementation and results}{section.5}% 18
\BOOKMARK [2][-]{subsection.5.3}{Future works}{section.5}% 19
\BOOKMARK [1][-]{section.6}{Discussion and conclusion}{}% 20
